<?xml version="1.0" encoding="UTF-8"?>
<!-- Generated by org.testng.reporters.JUnitReportReporter -->
<testsuite hostname="Shambhu_Katwal" failures="0" tests="3" name="tests.LoginPageTest" time="31.621" errors="0" timestamp="2022-09-17T20:13:28 NPT" skipped="0">
  <testcase classname="tests.LoginPageTest" name="verifyTheForgotPasswordLinkWorkingProperly" time="10.351"/>
  <system-out/>
  <testcase classname="tests.LoginPageTest" name="verifyTheUserIsAbleToLoginProperly" time="13.637"/>
  <system-out/>
  <testcase classname="tests.LoginPageTest" name="verifyTheLoginLogoIsDisplayed" time="7.633"/>
  <system-out/>
</testsuite> <!-- tests.LoginPageTest -->
