<?xml version="1.0" encoding="UTF-8"?>
<!-- Generated by org.testng.reporters.JUnitReportReporter -->
<testsuite hostname="Shambhu_Katwal" failures="0" tests="3" name="tests.LoginPageTest" time="31.987" errors="0" timestamp="2022-09-17T20:41:52 NPT" skipped="0">
  <testcase classname="tests.LoginPageTest" name="verifyTheLoginLogoIsDisplayed" time="9.815"/>
  <system-out/>
  <testcase classname="tests.LoginPageTest" name="verifyTheUserIsAbleToLoginProperly" time="11.760"/>
  <system-out/>
  <testcase classname="tests.LoginPageTest" name="verifyTheForgotPasswordLinkWorkingProperly" time="10.412"/>
  <system-out/>
</testsuite> <!-- tests.LoginPageTest -->
