<?xml version="1.0" encoding="UTF-8"?>
<!-- Generated by org.testng.reporters.JUnitReportReporter -->
<testsuite hostname="Shambhu_Katwal" failures="0" tests="3" name="tests.LoginPageTest" time="25.544" errors="0" timestamp="2022-09-17T20:07:13 NPT" skipped="0">
  <testcase classname="tests.LoginPageTest" name="verifyTheForgotPasswordLinkWorkingProperly" time="8.232"/>
  <system-out/>
  <testcase classname="tests.LoginPageTest" name="verifyTheLoginLogoIsDisplayed" time="7.433"/>
  <system-out/>
  <testcase classname="tests.LoginPageTest" name="verifyTheUserIsAbleToLoginProperly" time="9.879"/>
  <system-out/>
</testsuite> <!-- tests.LoginPageTest -->
