<?xml version="1.0" encoding="UTF-8"?>
<!-- Generated by org.testng.reporters.JUnitReportReporter -->
<testsuite hostname="Shambhu_Katwal" failures="0" tests="3" name="tests.LoginPageTest" time="30.640" errors="0" timestamp="2022-09-17T20:26:08 NPT" skipped="0">
  <testcase classname="tests.LoginPageTest" name="verifyTheLoginLogoIsDisplayed" time="9.369"/>
  <system-out/>
  <testcase classname="tests.LoginPageTest" name="verifyTheUserIsAbleToLoginProperly" time="10.846"/>
  <system-out/>
  <testcase classname="tests.LoginPageTest" name="verifyTheForgotPasswordLinkWorkingProperly" time="10.425"/>
  <system-out/>
</testsuite> <!-- tests.LoginPageTest -->
