<?xml version="1.0" encoding="UTF-8"?>
<!-- Generated by org.testng.reporters.JUnitReportReporter -->
<testsuite hostname="Shambhu_Katwal" failures="0" tests="3" name="tests.LoginPageTest" time="32.984" errors="0" timestamp="2022-09-17T20:43:18 NPT" skipped="0">
  <testcase classname="tests.LoginPageTest" name="verifyTheUserIsAbleToLoginProperly" time="13.360"/>
  <system-out/>
  <testcase classname="tests.LoginPageTest" name="verifyTheForgotPasswordLinkWorkingProperly" time="11.487"/>
  <system-out/>
  <testcase classname="tests.LoginPageTest" name="verifyTheLoginLogoIsDisplayed" time="8.137"/>
  <system-out/>
</testsuite> <!-- tests.LoginPageTest -->
