<?xml version="1.0" encoding="UTF-8"?>
<!-- Generated by org.testng.reporters.JUnitReportReporter -->
<testsuite hostname="Shambhu_Katwal" failures="0" tests="1" name="tests.HomePageTest" time="20.345" errors="0" timestamp="2022-09-17T20:43:18 NPT" skipped="0">
  <testcase classname="tests.HomePageTest" name="verifyAdminModuleisClickedProperly" time="20.345"/>
  <system-out/>
</testsuite> <!-- tests.HomePageTest -->
